2026.02.11 23:24:19 INFO  Started: Metals version 1.6.5 in folders 'D:\!PATRONES2' for client Visual Studio Code 1.109.2.
2026.02.11 23:24:19 INFO  Memory monitor started
2026.02.11 23:24:21 WARN  Using H2 2.4.240 which is newer than the version Flyway has been verified with. The latest verified version of H2 is 2.3.232.
2026.02.11 23:24:22 WARN  no build tool detected in workspace 'D:\!PATRONES2'. The most common cause for this problem is that the editor was opened in the wrong working directory, for example if you use sbt then the workspace directory should contain build.sbt. 
2026.02.11 23:24:22 WARN  Build server is not auto-connectable.
2026.02.11 23:24:22 WARN  no build target for: D:\!PATRONES2\Main.java
2026.02.11 23:24:23 INFO  time: code lens generation in 1.36s
2026.02.11 23:24:24 INFO  no build target found for D:\!PATRONES2\Main.java. Using fallback presentation compiler.
2026.02.11 23:24:24 WARN  no build target for: D:\!PATRONES2\CalidadUltraHD.java
2026.02.11 23:24:24 INFO  no build target found for D:\!PATRONES2\CalidadUltraHD.java. Using fallback presentation compiler.
2026.02.11 23:24:25 WARN  no build target for: D:\!PATRONES2\CalidadAhorro.java
2026.02.11 23:24:26 INFO  no build target found for D:\!PATRONES2\CalidadAhorro.java. Using fallback presentation compiler.
2026.02.11 23:24:26 WARN  no build target for: D:\!PATRONES2\CalidadUltraHD.java
2026.02.11 23:24:29 INFO  no build target found for D:\!PATRONES2\CalidadUltraHD.java. Using fallback presentation compiler.
2026.02.11 23:24:29 INFO  no build target found for D:\!PATRONES2\CalidadUltraHD.java. Using fallback presentation compiler.
Feb 11, 2026 11:24:32 PM org.eclipse.lsp4j.jsonrpc.services.GenericEndpoint notify
INFO: Unsupported notification method: $/setTrace
2026.02.11 23:24:32 INFO  no build target found for D:\!PATRONES2\CalidadUltraHD.java. Using fallback presentation compiler.
2026.02.11 23:24:53 INFO  no build target found for D:\!PATRONES2\CalidadUltraHD.java. Using fallback presentation compiler.
2026.02.11 23:24:53 WARN  no build target for: D:\!PATRONES2\Main.java
2026.02.11 23:24:53 INFO  no build target found for D:\!PATRONES2\Main.java. Using fallback presentation compiler.
2026.02.11 23:24:55 INFO  no build target found for D:\!PATRONES2\Main.java. Using fallback presentation compiler.
2026.02.11 23:24:55 INFO  no build target found for D:\!PATRONES2\Main.java. Using fallback presentation compiler.
2026.02.11 23:24:56 INFO  no build target found for D:\!PATRONES2\Main.java. Using fallback presentation compiler.
2026.02.11 23:24:56 INFO  no build target found for D:\!PATRONES2\Main.java. Using fallback presentation compiler.
2026.02.11 23:24:56 INFO  no build target found for D:\!PATRONES2\Main.java. Using fallback presentation compiler.
2026.02.11 23:24:58 INFO  no build target found for D:\!PATRONES2\Main.java. Using fallback presentation compiler.
2026.02.11 23:24:58 INFO  no build target found for D:\!PATRONES2\Main.java. Using fallback presentation compiler.
2026.02.11 23:24:58 INFO  no build target found for D:\!PATRONES2\Main.java. Using fallback presentation compiler.
2026.02.11 23:24:58 INFO  no build target found for D:\!PATRONES2\Main.java. Using fallback presentation compiler.
2026.02.11 23:24:59 INFO  no build target found for D:\!PATRONES2\Main.java. Using fallback presentation compiler.
2026.02.11 23:25:00 INFO  no build target found for D:\!PATRONES2\Main.java. Using fallback presentation compiler.
2026.02.11 23:25:00 INFO  no build target found for D:\!PATRONES2\Main.java. Using fallback presentation compiler.
2026.02.11 23:25:00 INFO  no build target found for D:\!PATRONES2\Main.java. Using fallback presentation compiler.
2026.02.11 23:25:00 INFO  no build target found for D:\!PATRONES2\Main.java. Using fallback presentation compiler.
2026.02.11 23:25:00 INFO  no build target found for D:\!PATRONES2\Main.java. Using fallback presentation compiler.
2026.02.11 23:25:01 INFO  no build target found for D:\!PATRONES2\Main.java. Using fallback presentation compiler.
2026.02.11 23:25:01 INFO  no build target found for D:\!PATRONES2\Main.java. Using fallback presentation compiler.
2026.02.11 23:25:01 INFO  no build target found for D:\!PATRONES2\Main.java. Using fallback presentation compiler.
2026.02.11 23:25:01 INFO  no build target found for D:\!PATRONES2\Main.java. Using fallback presentation compiler.
2026.02.11 23:25:03 INFO  no build target found for D:\!PATRONES2\Main.java. Using fallback presentation compiler.
2026.02.11 23:25:03 INFO  no build target found for D:\!PATRONES2\Main.java. Using fallback presentation compiler.
2026.02.11 23:25:04 INFO  no build target found for D:\!PATRONES2\Main.java. Using fallback presentation compiler.
2026.02.11 23:25:04 INFO  no build target found for D:\!PATRONES2\Main.java. Using fallback presentation compiler.
2026.02.11 23:25:04 INFO  no build target found for D:\!PATRONES2\Main.java. Using fallback presentation compiler.
2026.02.11 23:25:04 INFO  no build target found for D:\!PATRONES2\Main.java. Using fallback presentation compiler.
2026.02.11 23:25:07 INFO  no build target found for D:\!PATRONES2\Main.java. Using fallback presentation compiler.
Feb 11, 2026 11:25:07 PM org.eclipse.lsp4j.jsonrpc.RemoteEndpoint handleCancellation
WARNING: Unmatched cancel notification for request id 80
2026.02.11 23:25:07 INFO  no build target found for D:\!PATRONES2\Main.java. Using fallback presentation compiler.
2026.02.11 23:25:07 INFO  no build target found for D:\!PATRONES2\Main.java. Using fallback presentation compiler.
2026.02.11 23:25:07 INFO  no build target found for D:\!PATRONES2\Main.java. Using fallback presentation compiler.
2026.02.11 23:25:08 INFO  no build target found for D:\!PATRONES2\Main.java. Using fallback presentation compiler.
2026.02.11 23:25:08 INFO  no build target found for D:\!PATRONES2\Main.java. Using fallback presentation compiler.
2026.02.11 23:25:08 INFO  no build target found for D:\!PATRONES2\Main.java. Using fallback presentation compiler.
2026.02.11 23:25:08 INFO  no build target found for D:\!PATRONES2\Main.java. Using fallback presentation compiler.
2026.02.11 23:25:10 INFO  no build target found for D:\!PATRONES2\Main.java. Using fallback presentation compiler.
2026.02.11 23:25:10 INFO  no build target found for D:\!PATRONES2\Main.java. Using fallback presentation compiler.
Feb 11, 2026 11:25:10 PM org.eclipse.lsp4j.jsonrpc.RemoteEndpoint handleCancellation
WARNING: Unmatched cancel notification for request id 102
2026.02.11 23:25:10 INFO  no build target found for D:\!PATRONES2\Main.java. Using fallback presentation compiler.
2026.02.11 23:25:11 INFO  no build target found for D:\!PATRONES2\Main.java. Using fallback presentation compiler.
2026.02.11 23:25:11 INFO  no build target found for D:\!PATRONES2\Main.java. Using fallback presentation compiler.
2026.02.11 23:25:11 INFO  no build target found for D:\!PATRONES2\Main.java. Using fallback presentation compiler.
2026.02.11 23:25:11 INFO  no build target found for D:\!PATRONES2\Main.java. Using fallback presentation compiler.
2026.02.11 23:25:12 INFO  no build target found for D:\!PATRONES2\Main.java. Using fallback presentation compiler.
2026.02.11 23:25:12 INFO  no build target found for D:\!PATRONES2\Main.java. Using fallback presentation compiler.
2026.02.11 23:25:12 INFO  no build target found for D:\!PATRONES2\Main.java. Using fallback presentation compiler.
2026.02.11 23:25:14 INFO  no build target found for D:\!PATRONES2\Main.java. Using fallback presentation compiler.
2026.02.11 23:25:14 INFO  no build target found for D:\!PATRONES2\Main.java. Using fallback presentation compiler.
2026.02.11 23:25:14 INFO  no build target found for D:\!PATRONES2\Main.java. Using fallback presentation compiler.
2026.02.11 23:25:14 INFO  no build target found for D:\!PATRONES2\Main.java. Using fallback presentation compiler.
Feb 11, 2026 11:25:14 PM org.eclipse.lsp4j.jsonrpc.RemoteEndpoint handleCancellation
WARNING: Unmatched cancel notification for request id 127
2026.02.11 23:25:14 INFO  no build target found for D:\!PATRONES2\Main.java. Using fallback presentation compiler.
2026.02.11 23:25:16 INFO  no build target found for D:\!PATRONES2\Main.java. Using fallback presentation compiler.
2026.02.11 23:25:16 WARN  no build target for: D:\!PATRONES2\Main.java
2026.02.11 23:25:30 INFO  no build target found for D:\!PATRONES2\Main.java. Using fallback presentation compiler.
2026.02.11 23:25:31 WARN  no build target for: D:\!PATRONES2\CalidadAdaptativa.java
2026.02.11 23:25:33 INFO  no build target found for D:\!PATRONES2\CalidadAdaptativa.java. Using fallback presentation compiler.
2026.02.11 23:25:33 WARN  no build target for: D:\!PATRONES2\CalidadAhorro.java
2026.02.11 23:25:33 INFO  no build target found for D:\!PATRONES2\CalidadAhorro.java. Using fallback presentation compiler.
2026.02.11 23:25:33 WARN  no build target for: D:\!PATRONES2\CalidadUltraHD.java
2026.02.11 23:25:34 INFO  no build target found for D:\!PATRONES2\CalidadUltraHD.java. Using fallback presentation compiler.
2026.02.11 23:25:34 WARN  no build target for: D:\!PATRONES2\EstrategiaCalidad.java
2026.02.11 23:25:34 WARN  no build target for: D:\!PATRONES2\Main.java
2026.02.11 23:25:36 INFO  no build target found for D:\!PATRONES2\EstrategiaCalidad.java. Using fallback presentation compiler.
2026.02.11 23:25:36 INFO  Created report: Optional[file:///D:/!PATRONES2/EstrategiaCalidad.java]
2026.02.11 23:25:36 INFO  empty definition using pc, found symbol in pc:  (full report at: "D:\!PATRONES2\.metals\.reports\metals-full\2026-02-11\r_empty-definition_23-25-36-777.md")
2026.02.11 23:25:36 INFO  no build target found for D:\!PATRONES2\EstrategiaCalidad.java. Using fallback presentation compiler.
2026.02.11 23:25:37 INFO  no build target found for D:\!PATRONES2\EstrategiaCalidad.java. Using fallback presentation compiler.
2026.02.11 23:25:37 INFO  no build target found for D:\!PATRONES2\EstrategiaCalidad.java. Using fallback presentation compiler.
2026.02.11 23:25:37 INFO  no build target found for D:\!PATRONES2\EstrategiaCalidad.java. Using fallback presentation compiler.
2026.02.11 23:25:37 INFO  no build target found for D:\!PATRONES2\EstrategiaCalidad.java. Using fallback presentation compiler.
2026.02.11 23:25:37 INFO  no build target found for D:\!PATRONES2\EstrategiaCalidad.java. Using fallback presentation compiler.
2026.02.11 23:25:37 INFO  no build target found for D:\!PATRONES2\EstrategiaCalidad.java. Using fallback presentation compiler.
